[Sat Feb 28 14:28:48.416716 2015] [mpm_winnt:notice] [pid 7648:tid 376] AH00455: Apache/2.4.7 (Win32) PHP/5.4.25 configured -- resuming normal operations
[Sat Feb 28 14:28:48.416716 2015] [mpm_winnt:notice] [pid 7648:tid 376] AH00456: Apache Lounge VC9 Server built: Nov 28 2013 10:45:22
[Sat Feb 28 14:28:48.416716 2015] [core:notice] [pid 7648:tid 376] AH00094: Command line: 'mapache.exe -d D:/WorkTools/Workspace/MyDoc/DokuWikiStick/server'
[Sat Feb 28 14:28:48.418716 2015] [mpm_winnt:notice] [pid 7648:tid 376] AH00418: Parent: Created child process 7256
Apache server shutdown initiated...
pm_winnt:notice] [pid 7256:tid 392] AH00354: Child: Starting 64 worker threads.
[Sat Feb 28 14:28:49.361770 2015] [mpm_winnt:warn] [pid 7256:tid 1032] (OS 64)指定的网络名不再可用。  : AH00341: winnt_accept: Asynchronous AcceptEx failed.
[Sat Feb 28 14:28:49.362770 2015] [mpm_winnt:warn] [pid 7256:tid 1032] (OS 64)指定的网络名不再可用。  : AH00341: winnt_accept: Asynchronous AcceptEx failed.
[Sat Feb 28 14:28:49.383771 2015] [core:alert] [pid 7256:tid 912] [client ::1:62397] D:/WorkTools/Workspace/MyDoc/DokuWikiStick/dokuwiki/data/.htaccess: order not allowed here, referer: http://localhost:8800/install.php
[Sat Feb 28 14:30:18.030842 2015] [core:alert] [pid 7256:tid 924] [client ::1:62416] D:/WorkTools/Workspace/MyDoc/DokuWikiStick/dokuwiki/data/.htaccess: order not allowed here, referer: http://localhost:8800/install.php
[Sat Feb 28 14:30:34.488783 2015] [core:alert] [pid 7256:tid 924] [client ::1:62417] D:/WorkTools/Workspace/MyDoc/DokuWikiStick/dokuwiki/data/.htaccess: order not allowed here, referer: http://localhost:8800/install.php?l=zh
[Sat Feb 28 14:31:42.134652 2015] [core:alert] [pid 7256:tid 904] [client ::1:62457] D:/WorkTools/Workspace/MyDoc/DokuWikiStick/dokuwiki/data/.htaccess: order not allowed here, referer: http://localhost:8800/doku.php?id=wiki:welcome&do=admin
[Sat Feb 28 14:32:39.930958 2015] [core:alert] [pid 7256:tid 900] [client ::1:62481] D:/WorkTools/Workspace/MyDoc/DokuWikiStick/dokuwiki/data/.htaccess: order not allowed here, referer: http://localhost:8800/doku.php?id=start&do=admin
[Sat Feb 28 14:33:35.372129 2015] [core:alert] [pid 7256:tid 924] [client ::1:62496] D:/WorkTools/Workspace/MyDoc/DokuWikiStick/dokuwiki/data/.htaccess: order not allowed here, referer: http://localhost:8800/doku.php?id=start&do=admin
[Sat Feb 28 14:34:01.160604 2015] [core:alert] [pid 7256:tid 924] [client ::1:62505] D:/WorkTools/Workspace/MyDoc/DokuWikiStick/dokuwiki/data/.htaccess: order not allowed here, referer: http://localhost:8800/doku.php?id=start&do=admin
[Sat Feb 28 14:34:26.173035 2015] [core:alert] [pid 7256:tid 924] [client ::1:62516] D:/WorkTools/Workspace/MyDoc/DokuWikiStick/dokuwiki/data/.htaccess: order not allowed here, referer: http://localhost:8800/doku.php?id=start&do=admin
[Sat Feb 28 15:00:14.860615 2015] [core:alert] [pid 7256:tid 920] [client ::1:62829] D:/WorkTools/Workspace/MyDoc/DokuWikiStick/dokuwiki/data/.htaccess: order not allowed here, referer: http://localhost:8800/doku.php?id=start&do=admin
[Sat Feb 28 15:34:38.275635 2015] [core:alert] [pid 7256:tid 924] [client ::1:63093] D:/WorkTools/Workspace/MyDoc/DokuWikiStick/dokuwiki/data/.htaccess: order not allowed here, referer: http://localhost:8800/doku.php?id=home&do=admin
[Sat Feb 28 15:46:10.155208 2015] [core:alert] [pid 7256:tid 916] [client ::1:63171] D:/WorkTools/Workspace/MyDoc/DokuWikiStick/dokuwiki/data/.htaccess: order not allowed here, referer: http://localhost:8800/doku.php?id=sidebar&do=admin
[Sat Feb 28 15:46:23.862992 2015] [core:alert] [pid 7256:tid 916] [client ::1:63191] D:/WorkTools/Workspace/MyDoc/DokuWikiStick/dokuwiki/data/.htaccess: order not allowed here, referer: http://localhost:8800/doku.php?id=sidebar&do=admin
[Sat Feb 28 15:47:22.806364 2015] [core:alert] [pid 7256:tid 920] [client ::1:63201] D:/WorkTools/Workspace/MyDoc/DokuWikiStick/dokuwiki/data/.htaccess: order not allowed here, referer: http://localhost:8800/doku.php?id=sidebar&do=admin
[Sat Feb 28 16:28:36.913875 2015] [core:alert] [pid 7256:tid 916] [client ::1:64318] D:/WorkTools/Workspace/MyDoc/DokuWikiStick/dokuwiki/data/.htaccess: order not allowed here, referer: http://localhost:8800/doku.php?id=resourcelinks&do=admin
[Sat Feb 28 17:02:54.464560 2015] [core:alert] [pid 7256:tid 916] [client ::1:64785] D:/WorkTools/Workspace/MyDoc/DokuWikiStick/dokuwiki/data/.htaccess: order not allowed here, referer: http://localhost:8800/doku.php?id=resourcelinks&do=admin
[Sat Feb 28 17:02:56.814694 2015] [core:alert] [pid 7256:tid 920] [client ::1:64788] D:/WorkTools/Workspace/MyDoc/DokuWikiStick/dokuwiki/data/.htaccess: order not allowed here, referer: http://localhost:8800/doku.php?id=resourcelinks&do=admin
[Sat Feb 28 17:02:57.956760 2015] [core:alert] [pid 7256:tid 916] [client ::1:64789] D:/WorkTools/Workspace/MyDoc/DokuWikiStick/dokuwiki/data/.htaccess: order not allowed here, referer: http://localhost:8800/doku.php?id=resourcelinks&do=admin
[Sat Feb 28 17:46:08.499327 2015] [core:alert] [pid 7256:tid 924] [client ::1:65216] D:/WorkTools/Workspace/MyDoc/DokuWikiStick/dokuwiki/data/.htaccess: order not allowed here, referer: http://localhost:8800/doku.php?id=resourcelinks&do=admin
[Sat Feb 28 18:35:54.369307 2015] [mpm_winnt:notice] [pid 7648:tid 376] AH00422: Parent: Received shutdown signal -- Shutting down the server.
[Sat Feb 28 18:35:56.430425 2015] [mpm_winnt:notice] [pid 7256:tid 392] AH00364: Child: All worker threads have exited.
[Sat Feb 28 18:35:56.723442 2015] [mpm_winnt:notice] [pid 7648:tid 376] AH00430: Parent: Child process 7256 exited successfully.
[Mon Mar 02 14:11:49.960605 2015] [mpm_winnt:notice] [pid 8208:tid 376] AH00455: Apache/2.4.7 (Win32) PHP/5.4.25 configured -- resuming normal operations
[Mon Mar 02 14:11:49.960605 2015] [mpm_winnt:notice] [pid 8208:tid 376] AH00456: Apache Lounge VC9 Server built: Nov 28 2013 10:45:22
[Mon Mar 02 14:11:49.960605 2015] [core:notice] [pid 8208:tid 376] AH00094: Command line: 'mapache.exe -d D:/WorkTools/Workspace/MyDoc/DokuWikiStick/server'
[Mon Mar 02 14:11:49.962605 2015] [mpm_winnt:notice] [pid 8208:tid 376] AH00418: Parent: Created child process 10180
Apache server shutdown initiated...
pm_winnt:notice] [pid 10180:tid 392] AH00354: Child: Starting 64 worker threads.
[Mon Mar 02 14:11:50.707648 2015] [mpm_winnt:warn] [pid 10180:tid 952] (OS 64)指定的网络名不再可用。  : AH00341: winnt_accept: Asynchronous AcceptEx failed.
[Mon Mar 02 20:53:56.018537 2015] [mpm_winnt:notice] [pid 8208:tid 376] AH00422: Parent: Received shutdown signal -- Shutting down the server.
[Mon Mar 02 20:53:58.126657 2015] [mpm_winnt:notice] [pid 10180:tid 392] AH00364: Child: All worker threads have exited.
[Mon Mar 02 20:53:59.229721 2015] [mpm_winnt:notice] [pid 8208:tid 376] AH00430: Parent: Child process 10180 exited successfully.
[Wed Mar 18 15:02:54.429715 2015] [mpm_winnt:notice] [pid 5796:tid 376] AH00455: Apache/2.4.7 (Win32) PHP/5.4.25 configured -- resuming normal operations
[Wed Mar 18 15:02:54.429715 2015] [mpm_winnt:notice] [pid 5796:tid 376] AH00456: Apache Lounge VC9 Server built: Nov 28 2013 10:45:22
[Wed Mar 18 15:02:54.429715 2015] [core:notice] [pid 5796:tid 376] AH00094: Command line: 'mapache.exe -d D:/WorkTools/Workspace/MyDoc/DokuWikiStick/server'
[Wed Mar 18 15:02:54.431715 2015] [mpm_winnt:notice] [pid 5796:tid 376] AH00418: Parent: Created child process 8820
Apache server shutdown initiated...
pm_winnt:notice] [pid 8820:tid 392] AH00354: Child: Starting 64 worker threads.
[Wed Mar 18 15:02:55.311766 2015] [mpm_winnt:warn] [pid 8820:tid 936] (OS 64)指定的网络名不再可用。  : AH00341: winnt_accept: Asynchronous AcceptEx failed.
[Wed Mar 18 15:02:55.313766 2015] [mpm_winnt:warn] [pid 8820:tid 936] (OS 64)指定的网络名不再可用。  : AH00341: winnt_accept: Asynchronous AcceptEx failed.
[Wed Mar 18 18:49:16.170581 2015] [mpm_winnt:notice] [pid 5796:tid 376] AH00422: Parent: Received shutdown signal -- Shutting down the server.
[Wed Mar 18 18:49:19.150186 2015] [mpm_winnt:notice] [pid 8820:tid 392] AH00364: Child: All worker threads have exited.
[Tue Mar 24 13:32:49.733752 2015] [core:warn] [pid 8508:tid 248] AH00098: pid file D:/WorkTools/Workspace/MyDoc/DokuWikiStick/server/logs/httpd.pid overwritten -- Unclean shutdown of previous Apache run?
[Tue Mar 24 13:32:50.308785 2015] [mpm_winnt:notice] [pid 8508:tid 248] AH00455: Apache/2.4.7 (Win32) PHP/5.4.25 configured -- resuming normal operations
[Tue Mar 24 13:32:50.308785 2015] [mpm_winnt:notice] [pid 8508:tid 248] AH00456: Apache Lounge VC9 Server built: Nov 28 2013 10:45:22
[Tue Mar 24 13:32:50.308785 2015] [core:notice] [pid 8508:tid 248] AH00094: Command line: 'mapache.exe -d D:/WorkTools/Workspace/MyDoc/DokuWikiStick/server'
[Tue Mar 24 13:32:50.311785 2015] [mpm_winnt:notice] [pid 8508:tid 248] AH00418: Parent: Created child process 8560
Apache server shutdown initiated...
pm_winnt:notice] [pid 8560:tid 392] AH00354: Child: Starting 64 worker threads.
[Tue Mar 24 13:32:51.099830 2015] [mpm_winnt:warn] [pid 8560:tid 952] (OS 64)指定的网络名不再可用。  : AH00341: winnt_accept: Asynchronous AcceptEx failed.
[Tue Mar 24 13:32:51.099830 2015] [mpm_winnt:warn] [pid 8560:tid 952] (OS 64)指定的网络名不再可用。  : AH00341: winnt_accept: Asynchronous AcceptEx failed.
[Tue Mar 24 13:32:51.099830 2015] [mpm_winnt:warn] [pid 8560:tid 952] (OS 64)指定的网络名不再可用。  : AH00341: winnt_accept: Asynchronous AcceptEx failed.
[Tue Mar 24 13:32:51.099830 2015] [mpm_winnt:warn] [pid 8560:tid 952] (OS 64)指定的网络名不再可用。  : AH00341: winnt_accept: Asynchronous AcceptEx failed.
[Tue Mar 24 16:56:37.283128 2015] [mpm_winnt:notice] [pid 8508:tid 248] AH00422: Parent: Received shutdown signal -- Shutting down the server.
[Tue Mar 24 16:56:39.703266 2015] [mpm_winnt:notice] [pid 8560:tid 392] AH00364: Child: All worker threads have exited.
